  [1m[36m (0.9ms)[0m  [1mCREATE TABLE "schema_migrations" ("version" varchar(255) NOT NULL) [0m
  [1m[35m (0.1ms)[0m  select sqlite_version(*)
  [1m[36m (0.7ms)[0m  [1mCREATE UNIQUE INDEX "unique_schema_migrations" ON "schema_migrations" ("version")[0m
  [1m[35mActiveRecord::SchemaMigration Load (0.1ms)[0m  SELECT "schema_migrations".* FROM "schema_migrations"
Migrating to CreateArtists (20141021021551)
  [1m[36m (0.1ms)[0m  [1mbegin transaction[0m
  [1m[35m (0.4ms)[0m  CREATE TABLE "artists" ("id" INTEGER PRIMARY KEY AUTOINCREMENT NOT NULL, "name" varchar(255), "bio" varchar(255), "image" varchar(255), "created_at" datetime, "updated_at" datetime) 
  [1m[36mSQL (0.1ms)[0m  [1mINSERT INTO "schema_migrations" ("version") VALUES (?)[0m  [["version", "20141021021551"]]
  [1m[35m (0.7ms)[0m  commit transaction
Migrating to CreateArtWorks (20141023000053)
  [1m[36m (0.0ms)[0m  [1mbegin transaction[0m
  [1m[35m (0.3ms)[0m  CREATE TABLE "art_works" ("id" INTEGER PRIMARY KEY AUTOINCREMENT NOT NULL, "name" varchar(255), "artist_id" integer, "image" varchar(255), "desciption" text, "created_at" datetime, "updated_at" datetime) 
  [1m[36m (0.1ms)[0m  [1mCREATE  INDEX "index_art_works_on_artist_id" ON "art_works" ("artist_id")[0m
  [1m[35mSQL (0.1ms)[0m  INSERT INTO "schema_migrations" ("version") VALUES (?)  [["version", "20141023000053"]]
  [1m[36m (0.6ms)[0m  [1mcommit transaction[0m
Migrating to CreateMusuems (20141023000233)
  [1m[35m (0.0ms)[0m  begin transaction
  [1m[36m (0.3ms)[0m  [1mCREATE TABLE "musuems" ("id" INTEGER PRIMARY KEY AUTOINCREMENT NOT NULL, "name" varchar(255), "location" varchar(255), "created_at" datetime, "updated_at" datetime) [0m
  [1m[35mSQL (0.1ms)[0m  INSERT INTO "schema_migrations" ("version") VALUES (?)  [["version", "20141023000233"]]
  [1m[36m (0.5ms)[0m  [1mcommit transaction[0m
Migrating to RemoveTypoFromArtWorks (20141023001206)
  [1m[35m (0.1ms)[0m  begin transaction
  [1m[36m (1.0ms)[0m  [1mCREATE TEMPORARY TABLE "aart_works" ("id" INTEGER PRIMARY KEY AUTOINCREMENT NOT NULL, "name" varchar(255), "artist_id" integer, "image" varchar(255), "desciption" text, "created_at" datetime, "updated_at" datetime) [0m
  [1m[35m (0.1ms)[0m              SELECT sql
            FROM sqlite_master
            WHERE name='index_art_works_on_artist_id' AND type='index'
            UNION ALL
            SELECT sql
            FROM sqlite_temp_master
            WHERE name='index_art_works_on_artist_id' AND type='index'

  [1m[36m (0.2ms)[0m  [1mCREATE  INDEX "tindex_aart_works_on_artist_id" ON "aart_works" ("artist_id")[0m
  [1m[35m (0.1ms)[0m  SELECT * FROM "art_works"
  [1m[36m (0.6ms)[0m  [1mDROP TABLE "art_works"[0m
  [1m[35m (0.2ms)[0m  CREATE TABLE "art_works" ("id" INTEGER PRIMARY KEY AUTOINCREMENT NOT NULL, "name" varchar(255), "artist_id" integer, "image" varchar(255), "created_at" datetime, "updated_at" datetime) 
  [1m[36m (0.1ms)[0m  [1m            SELECT sql
            FROM sqlite_master
            WHERE name='tindex_aart_works_on_artist_id' AND type='index'
            UNION ALL
            SELECT sql
            FROM sqlite_temp_master
            WHERE name='tindex_aart_works_on_artist_id' AND type='index'
[0m
  [1m[35m (0.1ms)[0m  CREATE  INDEX "index_art_works_on_artist_id" ON "art_works" ("artist_id")
  [1m[36m (0.1ms)[0m  [1mSELECT * FROM "aart_works"[0m
  [1m[35m (0.4ms)[0m  DROP TABLE "aart_works"
  [1m[36mSQL (0.2ms)[0m  [1mINSERT INTO "schema_migrations" ("version") VALUES (?)[0m  [["version", "20141023001206"]]
  [1m[35m (0.8ms)[0m  commit transaction
Migrating to AddDescToArtWorks (20141023001234)
  [1m[36m (0.1ms)[0m  [1mbegin transaction[0m
  [1m[35m (1.5ms)[0m  ALTER TABLE "art_works" ADD "description" text
  [1m[36mSQL (0.1ms)[0m  [1mINSERT INTO "schema_migrations" ("version") VALUES (?)[0m  [["version", "20141023001234"]]
  [1m[35m (0.7ms)[0m  commit transaction
  [1m[36mActiveRecord::SchemaMigration Load (0.1ms)[0m  [1mSELECT "schema_migrations".* FROM "schema_migrations"[0m
  [1m[35m (0.1ms)[0m              SELECT sql
            FROM sqlite_master
            WHERE name='index_art_works_on_artist_id' AND type='index'
            UNION ALL
            SELECT sql
            FROM sqlite_temp_master
            WHERE name='index_art_works_on_artist_id' AND type='index'



Started GET "/" for 127.0.0.1 at 2014-10-22 20:24:00 -0700
  [1m[36mActiveRecord::SchemaMigration Load (0.1ms)[0m  [1mSELECT "schema_migrations".* FROM "schema_migrations"[0m
Processing by StaticPagesController#home as HTML
  Rendered static_pages/home.html.erb within layouts/application (2.0ms)
  Rendered layouts/_nav_header.html.erb (0.9ms)
Completed 200 OK in 5381ms (Views: 5364.0ms | ActiveRecord: 0.0ms)


Started GET "/assets/art_works.css?body=1" for 127.0.0.1 at 2014-10-22 20:24:06 -0700


Started GET "/assets/artists.css?body=1" for 127.0.0.1 at 2014-10-22 20:24:06 -0700


Started GET "/assets/custom.css?body=1" for 127.0.0.1 at 2014-10-22 20:24:06 -0700


Started GET "/assets/static_pages.css?body=1" for 127.0.0.1 at 2014-10-22 20:24:06 -0700


Started GET "/assets/application.css?body=1" for 127.0.0.1 at 2014-10-22 20:24:06 -0700


Started GET "/assets/jquery.js?body=1" for 127.0.0.1 at 2014-10-22 20:24:06 -0700


Started GET "/assets/jquery_ujs.js?body=1" for 127.0.0.1 at 2014-10-22 20:24:06 -0700


Started GET "/assets/turbolinks.js?body=1" for 127.0.0.1 at 2014-10-22 20:24:06 -0700


Started GET "/assets/bootstrap/button.js?body=1" for 127.0.0.1 at 2014-10-22 20:24:06 -0700


Started GET "/assets/bootstrap/carousel.js?body=1" for 127.0.0.1 at 2014-10-22 20:24:06 -0700


Started GET "/assets/bootstrap/collapse.js?body=1" for 127.0.0.1 at 2014-10-22 20:24:06 -0700


Started GET "/assets/bootstrap/affix.js?body=1" for 127.0.0.1 at 2014-10-22 20:24:06 -0700


Started GET "/assets/bootstrap/alert.js?body=1" for 127.0.0.1 at 2014-10-22 20:24:06 -0700


Started GET "/assets/bootstrap/tab.js?body=1" for 127.0.0.1 at 2014-10-22 20:24:06 -0700


Started GET "/assets/bootstrap/transition.js?body=1" for 127.0.0.1 at 2014-10-22 20:24:06 -0700


Started GET "/assets/bootstrap/dropdown.js?body=1" for 127.0.0.1 at 2014-10-22 20:24:06 -0700


Started GET "/assets/bootstrap/popover.js?body=1" for 127.0.0.1 at 2014-10-22 20:24:06 -0700


Started GET "/assets/bootstrap/scrollspy.js?body=1" for 127.0.0.1 at 2014-10-22 20:24:06 -0700


Started GET "/assets/bootstrap/modal.js?body=1" for 127.0.0.1 at 2014-10-22 20:24:06 -0700


Started GET "/assets/bootstrap/tooltip.js?body=1" for 127.0.0.1 at 2014-10-22 20:24:06 -0700


Started GET "/assets/bootstrap-sprockets.js?body=1" for 127.0.0.1 at 2014-10-22 20:24:06 -0700


Started GET "/assets/art_works.js?body=1" for 127.0.0.1 at 2014-10-22 20:24:06 -0700


Started GET "/assets/artists.js?body=1" for 127.0.0.1 at 2014-10-22 20:24:06 -0700


Started GET "/assets/static_pages.js?body=1" for 127.0.0.1 at 2014-10-22 20:24:06 -0700


Started GET "/assets/application.js?body=1" for 127.0.0.1 at 2014-10-22 20:24:06 -0700
